{
  "0 debug pnpm:scope": {
    "selected": 1,
    "workspacePrefix": null
  },
  "1 error pnpm": {
    "message": {
      "errno": 1,
      "code": "ELIFECYCLE",
      "pkgid": "abeille@0.1.0",
      "stage": "build",
      "script": "vue-cli-service build",
      "pkgname": "abeille"
    },
    "err": {
      "name": "Error",
      "message": "abeille@0.1.0 build: `vue-cli-service build`\nExit status 1",
      "code": "ELIFECYCLE",
      "stack": "Error: abeille@0.1.0 build: `vue-cli-service build`\nExit status 1\n    at EventEmitter.<anonymous> (C:\\Users\\布吉岛\\AppData\\Roaming\\npm\\node_modules\\pnpm\\lib\\node_modules\\@zkochan\\npm-lifecycle\\index.js:302:16)\n    at EventEmitter.emit (events.js:210:5)\n    at ChildProcess.<anonymous> (C:\\Users\\布吉岛\\AppData\\Roaming\\npm\\node_modules\\pnpm\\lib\\node_modules\\@zkochan\\npm-lifecycle\\lib\\spawn.js:55:14)\n    at ChildProcess.emit (events.js:210:5)\n    at maybeClose (internal/child_process.js:1021:16)\n    at Process.ChildProcess._handle.onexit (internal/child_process.js:283:5)"
    }
  }
}